<?xml version="1.0" encoding="UTF-8"?>
<!-- Generated by org.testng.reporters.JUnitReportReporter -->
<testsuite skipped="0" hostname="AlexComp" name="BigSelenium.test.TryNewTest" tests="13" failures="0" timestamp="2019-11-20T14:02:59 EET" time="1.044" errors="1">
  <testcase name="sum" time="0.000" classname="BigSelenium.test.TryNewTest"/>
  <testcase name="sum" time="0.001" classname="BigSelenium.test.TryNewTest"/>
  <testcase name="sum" time="0.003" classname="BigSelenium.test.TryNewTest"/>
  <testcase name="sum" time="0.000" classname="BigSelenium.test.TryNewTest"/>
  <testcase name="sum" time="0.002" classname="BigSelenium.test.TryNewTest"/>
  <testcase name="sum" time="0.001" classname="BigSelenium.test.TryNewTest"/>
  <testcase name="sum" time="0.001" classname="BigSelenium.test.TryNewTest"/>
  <testcase name="sum" time="0.004" classname="BigSelenium.test.TryNewTest"/>
  <testcase name="loginTest" time="0.010" classname="BigSelenium.test.TryNewTest"/>
  <testcase name="sum" time="0.001" classname="BigSelenium.test.TryNewTest"/>
  <testcase name="infinitLoopTest" time="1.018" classname="BigSelenium.test.TryNewTest">
    <error type="org.testng.internal.thread.ThreadTimeoutException" message="Method BigSelenium.test.TryNewTest.infinitLoopTest() didn&#039;t finish within the time-out 1000">
      <![CDATA[org.testng.internal.thread.ThreadTimeoutException: Method BigSelenium.test.TryNewTest.infinitLoopTest() didn't finish within the time-out 1000
at java.io.FileOutputStream.writeBytes(Native Method)
at java.io.FileOutputStream.write(FileOutputStream.java:326)
at java.io.BufferedOutputStream.flushBuffer(BufferedOutputStream.java:82)
at java.io.BufferedOutputStream.flush(BufferedOutputStream.java:140)
at java.io.PrintStream.write(PrintStream.java:482)
at sun.nio.cs.StreamEncoder.writeBytes(StreamEncoder.java:221)
at sun.nio.cs.StreamEncoder.implFlushBuffer(StreamEncoder.java:291)
at sun.nio.cs.StreamEncoder.flushBuffer(StreamEncoder.java:104)
at java.io.OutputStreamWriter.flushBuffer(OutputStreamWriter.java:185)
at java.io.PrintStream.write(PrintStream.java:527)
at java.io.PrintStream.print(PrintStream.java:597)
at java.io.PrintStream.println(PrintStream.java:736)
at BigSelenium.test.TryNewTest.infinitLoopTest(TryNewTest.java:30)
at sun.reflect.NativeMethodAccessorImpl.invoke0(Native Method)
at sun.reflect.NativeMethodAccessorImpl.invoke(NativeMethodAccessorImpl.java:62)
at sun.reflect.DelegatingMethodAccessorImpl.invoke(DelegatingMethodAccessorImpl.java:43)
at java.lang.reflect.Method.invoke(Method.java:498)
at org.testng.internal.MethodInvocationHelper.invokeMethod(MethodInvocationHelper.java:133)
at org.testng.internal.InvokeMethodRunnable.runOne(InvokeMethodRunnable.java:51)
at org.testng.internal.InvokeMethodRunnable.run(InvokeMethodRunnable.java:41)
at java.util.concurrent.Executors$RunnableAdapter.call(Executors.java:511)
at java.util.concurrent.FutureTask.run(FutureTask.java:266)
at java.util.concurrent.ThreadPoolExecutor.runWorker(ThreadPoolExecutor.java:1149)
at java.util.concurrent.ThreadPoolExecutor$Worker.run(ThreadPoolExecutor.java:624)
at java.lang.Thread.run(Thread.java:748)
]]>
    </error>
  </testcase> <!-- infinitLoopTest -->
  <testcase name="HomePageTest" time="0.002" classname="BigSelenium.test.TryNewTest"/>
  <testcase name="sum" time="0.001" classname="BigSelenium.test.TryNewTest"/>
</testsuite> <!-- BigSelenium.test.TryNewTest -->
